[debug] [2017-12-06T04:12:55.685Z] ----------------------------------------------------------------------
[debug] [2017-12-06T04:12:55.693Z] Command:       C:\Program Files\nodejs\node.exe C:\Users\germa\AppData\Roaming\npm\node_modules\firebase-tools\bin\firebase serve
[debug] [2017-12-06T04:12:55.693Z] CLI Version:   3.15.3
[debug] [2017-12-06T04:12:55.693Z] Platform:      win32
[debug] [2017-12-06T04:12:55.693Z] Node Version:  v8.9.1
[debug] [2017-12-06T04:12:55.697Z] Time:          Wed Dec 06 2017 00:12:55 GMT-0400 (Venezuela Standard Time)
[debug] [2017-12-06T04:12:55.697Z] ----------------------------------------------------------------------
[debug] 
[debug] [2017-12-06T04:12:55.736Z] > command requires scopes: ["email","openid","https://www.googleapis.com/auth/cloudplatformprojects.readonly","https://www.googleapis.com/auth/firebase","https://www.googleapis.com/auth/cloud-platform"]
[debug] [2017-12-06T04:12:55.746Z] > authorizing via signed-in user
[debug] [2017-12-06T04:12:55.763Z] >>> HTTP REQUEST GET https://admin.firebase.com/v1/projects/votounimet  
 Wed Dec 06 2017 00:12:55 GMT-0400 (Venezuela Standard Time)
[debug] [2017-12-06T04:12:56.798Z] <<< HTTP RESPONSE 200
[debug] [2017-12-06T04:12:56.799Z] >>> HTTP REQUEST GET https://admin.firebase.com/v1/database/votounimet/tokens  
 Wed Dec 06 2017 00:12:56 GMT-0400 (Venezuela Standard Time)
[debug] [2017-12-06T04:12:57.458Z] <<< HTTP RESPONSE 200
[info] 
[info] === Serving from 'C:\Users\germa\Desktop\UNIMET\7 trimestre\Base de Datos\Voto-Unimet'...
[info] 
[debug] [2017-12-06T04:12:57.462Z] >>> HTTP REQUEST GET https://cloudresourcemanager.googleapis.com/v1/projects/votounimet  
 Wed Dec 06 2017 00:12:57 GMT-0400 (Venezuela Standard Time)
[debug] [2017-12-06T04:12:58.393Z] <<< HTTP RESPONSE 200
[debug] [2017-12-06T04:12:58.394Z] >>> HTTP REQUEST GET https://mobilesdk-pa.googleapis.com/v1/projects/601104183423/clients/_:getWebAppConfig  
 Wed Dec 06 2017 00:12:58 GMT-0400 (Venezuela Standard Time)
[debug] [2017-12-06T04:12:59.592Z] <<< HTTP RESPONSE 200
[info] i  hosting: Serving hosting files from: public
[info] +  hosting: Local server: http://localhost:5000

