[debug] [2017-11-30T14:55:27.709Z] ----------------------------------------------------------------------
[debug] [2017-11-30T14:55:27.724Z] Command:       C:\Program Files\nodejs\node.exe C:\Users\germa\AppData\Roaming\npm\node_modules\firebase-tools\bin\firebase serve
[debug] [2017-11-30T14:55:27.724Z] CLI Version:   3.15.3
[debug] [2017-11-30T14:55:27.724Z] Platform:      win32
[debug] [2017-11-30T14:55:27.724Z] Node Version:  v8.9.1
[debug] [2017-11-30T14:55:27.724Z] Time:          Thu Nov 30 2017 10:55:27 GMT-0400 (Venezuela Standard Time)
[debug] [2017-11-30T14:55:27.724Z] ----------------------------------------------------------------------
[debug] 
[debug] [2017-11-30T14:55:27.771Z] > command requires scopes: ["email","openid","https://www.googleapis.com/auth/cloudplatformprojects.readonly","https://www.googleapis.com/auth/firebase","https://www.googleapis.com/auth/cloud-platform"]
[debug] [2017-11-30T14:55:27.771Z] > authorizing via signed-in user
[debug] [2017-11-30T14:55:27.771Z] > refreshing access token with scopes: ["email","https://www.googleapis.com/auth/cloud-platform","https://www.googleapis.com/auth/cloudplatformprojects.readonly","https://www.googleapis.com/auth/firebase","openid"]
[debug] [2017-11-30T14:55:27.771Z] >>> HTTP REQUEST POST https://www.googleapis.com/oauth2/v3/token { refresh_token: '1/o6vVYCWgos5JQ__mJoYGBLzkxzPQhaRuO4-SfEIFv5sFl-kcr5G3BiBf-HWDwDtY',
  client_id: '563584335869-fgrhgmd47bqnekij5i8b5pr03ho849e6.apps.googleusercontent.com',
  client_secret: 'j9iVZfS8kkCEFUPaAeJV0sAi',
  grant_type: 'refresh_token',
  scope: 'email https://www.googleapis.com/auth/cloud-platform https://www.googleapis.com/auth/cloudplatformprojects.readonly https://www.googleapis.com/auth/firebase openid' } 
 Thu Nov 30 2017 10:55:27 GMT-0400 (Venezuela Standard Time)
[debug] [2017-11-30T14:55:28.518Z] <<< HTTP RESPONSE 200
[debug] [2017-11-30T14:55:28.596Z] >>> HTTP REQUEST GET https://admin.firebase.com/v1/projects/votounimet  
 Thu Nov 30 2017 10:55:28 GMT-0400 (Venezuela Standard Time)
[debug] [2017-11-30T14:55:29.645Z] <<< HTTP RESPONSE 200
[debug] [2017-11-30T14:55:29.660Z] >>> HTTP REQUEST GET https://admin.firebase.com/v1/database/votounimet/tokens  
 Thu Nov 30 2017 10:55:29 GMT-0400 (Venezuela Standard Time)
[debug] [2017-11-30T14:55:30.252Z] <<< HTTP RESPONSE 200
[info] 
[info] === Serving from 'C:\Users\germa\Desktop\UNIMET\7 trimestre\Base de Datos\Voto-Unimet'...
[info] 
[debug] [2017-11-30T14:55:30.268Z] >>> HTTP REQUEST GET https://cloudresourcemanager.googleapis.com/v1/projects/votounimet  
 Thu Nov 30 2017 10:55:30 GMT-0400 (Venezuela Standard Time)
[debug] [2017-11-30T14:55:30.972Z] <<< HTTP RESPONSE 200
[debug] [2017-11-30T14:55:30.972Z] >>> HTTP REQUEST GET https://mobilesdk-pa.googleapis.com/v1/projects/601104183423/clients/_:getWebAppConfig  
 Thu Nov 30 2017 10:55:30 GMT-0400 (Venezuela Standard Time)
[debug] [2017-11-30T14:55:31.926Z] <<< HTTP RESPONSE 200
[info] i  hosting: Serving hosting files from: public
[info] +  hosting: Local server: http://localhost:5000

